256 :4136 :"gregexpr" "<Anonymous>" 
4136 :"gregexpr" "<Anonymous>" 
272 :"new.env" "srcfilecopy" "parse" "doTryCatch" "tryCatchOne" "tryCatchList" "tryCatch" "<Anonymous>" 
200 :"parse" "doTryCatch" "tryCatchOne" "tryCatchList" "tryCatch" "<Anonymous>" 
272 :"new.env" "srcfilecopy" "parse" "withCallingHandlers" "suppressWarnings" "doTryCatch" "tryCatchOne" "tryCatchList" "tryCatch" ".rs.getAnywhere" ".rs.resolveObjectFromFunctionCall" ".rs.getCompletionsFunction" ".rs.appendCompletions" ".rs.getRCompletions" ".rs.appendCompletions" "<Anonymous>" 
320 :"loadedNamespaces" "match" "%in%" ".rs.resolveObjectFromFunctionCall" ".rs.getCompletionsFunction" ".rs.appendCompletions" ".rs.getRCompletions" ".rs.appendCompletions" "<Anonymous>" 
320 :"match" "%in%" ".rs.resolveObjectFromFunctionCall" ".rs.getCompletionsFunction" ".rs.appendCompletions" ".rs.getRCompletions" ".rs.appendCompletions" "<Anonymous>" 
320 :"loadedNamespaces" "match" "%in%" ".rs.isKnitrObject" ".rs.getCompletionsFunction" ".rs.appendCompletions" ".rs.getRCompletions" ".rs.appendCompletions" "<Anonymous>" 
320 :"match" "%in%" ".rs.isKnitrObject" ".rs.getCompletionsFunction" ".rs.appendCompletions" ".rs.getRCompletions" ".rs.appendCompletions" "<Anonymous>" 
272 :"new.env" "srcfilecopy" "parse" "withCallingHandlers" "suppressWarnings" "doTryCatch" "tryCatchOne" "tryCatchList" "tryCatch" ".rs.getAnywhere" ".rs.resolveObjectFromFunctionCall" ".rs.getCompletionsArgument" ".rs.getCompletionsFunction" ".rs.appendCompletions" ".rs.getRCompletions" ".rs.appendCompletions" "<Anonymous>" 
320 :"loadedNamespaces" "match" "%in%" ".rs.resolveObjectFromFunctionCall" ".rs.getCompletionsArgument" ".rs.getCompletionsFunction" ".rs.appendCompletions" ".rs.getRCompletions" ".rs.appendCompletions" "<Anonymous>" 
320 :"match" "%in%" ".rs.resolveObjectFromFunctionCall" ".rs.getCompletionsArgument" ".rs.getCompletionsFunction" ".rs.appendCompletions" ".rs.getRCompletions" ".rs.appendCompletions" "<Anonymous>" 
320 :"loadedNamespaces" "match" "%in%" ".rs.getCompletionsArgument" ".rs.getCompletionsFunction" ".rs.appendCompletions" ".rs.getRCompletions" ".rs.appendCompletions" "<Anonymous>" 
320 :"match" "%in%" ".rs.getCompletionsArgument" ".rs.getCompletionsFunction" ".rs.appendCompletions" ".rs.getRCompletions" ".rs.appendCompletions" "<Anonymous>" 
272 :"new.env" "srcfilecopy" "parse" "withCallingHandlers" "suppressWarnings" "doTryCatch" "tryCatchOne" "tryCatchList" "tryCatch" ".rs.getAnywhere" "<Anonymous>" 
256 :272 :"new.env" "srcfilecopy" "parse" "withCallingHandlers" "suppressWarnings" "doTryCatch" "tryCatchOne" "tryCatchList" "tryCatch" ".rs.getAnywhere" ".rs.getHelpArgument" "<Anonymous>" 
192 :"<Anonymous>" "data" "withCallingHandlers" "suppressWarnings" "doTryCatch" "tryCatchOne" "tryCatchList" "tryCatch" ".rs.getHelpFromObject" ".rs.getHelpArgument" "<Anonymous>" 
3976 :"objects" ".rs.getHelpFromObject" ".rs.getHelpArgument" "<Anonymous>" 
3976 :"mget" "doTryCatch" "tryCatchOne" "tryCatchList" "tryCatch" ".rs.getHelpFromObject" ".rs.getHelpArgument" "<Anonymous>" 
2008 :".rs.getHelpFromObject" ".rs.getHelpArgument" "<Anonymous>" 
1064 :"readRDS" "index.search" "<Anonymous>" "eval" "eval" "doTryCatch" "tryCatchOne" "tryCatchList" "tryCatch" ".rs.getHelp" ".rs.getHelpFromObject" ".rs.getHelpArgument" "<Anonymous>" 
2448 :"readRDS" "index.search" "<Anonymous>" "eval" "eval" "doTryCatch" "tryCatchOne" "tryCatchList" "tryCatch" ".rs.getHelp" ".rs.getHelpFromObject" ".rs.getHelpArgument" "<Anonymous>" 
2448 :"readRDS" "index.search" "<Anonymous>" "eval" "eval" "doTryCatch" "tryCatchOne" "tryCatchList" "tryCatch" ".rs.getHelp" ".rs.getHelpFromObject" ".rs.getHelpArgument" "<Anonymous>" 
1064 :"readRDS" "<Anonymous>" "withCallingHandlers" "suppressWarnings" ".rs.getHelp" ".rs.getHelpFromObject" ".rs.getHelpArgument" "<Anonymous>" 
1104 :"readRDS" "<Anonymous>" "withCallingHandlers" "suppressWarnings" ".rs.getHelp" ".rs.getHelpFromObject" ".rs.getHelpArgument" "<Anonymous>" 
1104 :"readRDS" "<Anonymous>" "withCallingHandlers" "suppressWarnings" ".rs.getHelp" ".rs.getHelpFromObject" ".rs.getHelpArgument" "<Anonymous>" 
1104 :"readRDS" "<Anonymous>" "withCallingHandlers" "suppressWarnings" ".rs.getHelp" ".rs.getHelpFromObject" ".rs.getHelpArgument" "<Anonymous>" 
1104 :"readRDS" "<Anonymous>" "withCallingHandlers" "suppressWarnings" ".rs.getHelp" ".rs.getHelpFromObject" ".rs.getHelpArgument" "<Anonymous>" 
1104 :"readRDS" "<Anonymous>" "withCallingHandlers" "suppressWarnings" ".rs.getHelp" ".rs.getHelpFromObject" ".rs.getHelpArgument" "<Anonymous>" 
1104 :"readRDS" "<Anonymous>" "withCallingHandlers" "suppressWarnings" ".rs.getHelp" ".rs.getHelpFromObject" ".rs.getHelpArgument" "<Anonymous>" 
1104 :"readRDS" "<Anonymous>" "withCallingHandlers" "suppressWarnings" ".rs.getHelp" ".rs.getHelpFromObject" ".rs.getHelpArgument" "<Anonymous>" 
1104 :"readRDS" "<Anonymous>" "withCallingHandlers" "suppressWarnings" ".rs.getHelp" ".rs.getHelpFromObject" ".rs.getHelpArgument" "<Anonymous>" 
1104 :"sub" "<Anonymous>" "withCallingHandlers" "suppressWarnings" ".rs.getHelp" ".rs.getHelpFromObject" ".rs.getHelpArgument" "<Anonymous>" 
1104 :"match" "%in%" "<Anonymous>" "withCallingHandlers" "suppressWarnings" ".rs.getHelp" ".rs.getHelpFromObject" ".rs.getHelpArgument" "<Anonymous>" 
200 :"read.dcf" "doTryCatch" "tryCatchOne" "tryCatchList" "tryCatch" ".read_description" "Rd2HTML" "<Anonymous>" "withCallingHandlers" "suppressWarnings" ".rs.getHelp" ".rs.getHelpFromObject" ".rs.getHelpArgument" "<Anonymous>" 
360 :"read.dcf" "doTryCatch" "tryCatchOne" "tryCatchList" "tryCatch" ".read_description" "Rd2HTML" "<Anonymous>" "withCallingHandlers" "suppressWarnings" ".rs.getHelp" ".rs.getHelpFromObject" ".rs.getHelpArgument" "<Anonymous>" 
520 :"read.dcf" "doTryCatch" "tryCatchOne" "tryCatchList" "tryCatch" ".read_description" "Rd2HTML" "<Anonymous>" "withCallingHandlers" "suppressWarnings" ".rs.getHelp" ".rs.getHelpFromObject" ".rs.getHelpArgument" "<Anonymous>" 
680 :"read.dcf" "doTryCatch" "tryCatchOne" "tryCatchList" "tryCatch" ".read_description" "Rd2HTML" "<Anonymous>" "withCallingHandlers" "suppressWarnings" ".rs.getHelp" ".rs.getHelpFromObject" ".rs.getHelpArgument" "<Anonymous>" 
840 :"read.dcf" "doTryCatch" "tryCatchOne" "tryCatchList" "tryCatch" ".read_description" "Rd2HTML" "<Anonymous>" "withCallingHandlers" "suppressWarnings" ".rs.getHelp" ".rs.getHelpFromObject" ".rs.getHelpArgument" "<Anonymous>" 
1000 :"read.dcf" "doTryCatch" "tryCatchOne" "tryCatchList" "tryCatch" ".read_description" "Rd2HTML" "<Anonymous>" "withCallingHandlers" "suppressWarnings" ".rs.getHelp" ".rs.getHelpFromObject" ".rs.getHelpArgument" "<Anonymous>" 
1160 :"read.dcf" "doTryCatch" "tryCatchOne" "tryCatchList" "tryCatch" ".read_description" "Rd2HTML" "<Anonymous>" "withCallingHandlers" "suppressWarnings" ".rs.getHelp" ".rs.getHelpFromObject" ".rs.getHelpArgument" "<Anonymous>" 
1320 :"read.dcf" "doTryCatch" "tryCatchOne" "tryCatchList" "tryCatch" ".read_description" "Rd2HTML" "<Anonymous>" "withCallingHandlers" "suppressWarnings" ".rs.getHelp" ".rs.getHelpFromObject" ".rs.getHelpArgument" "<Anonymous>" 
1480 :"read.dcf" "doTryCatch" "tryCatchOne" "tryCatchList" "tryCatch" ".read_description" "Rd2HTML" "<Anonymous>" "withCallingHandlers" "suppressWarnings" ".rs.getHelp" ".rs.getHelpFromObject" ".rs.getHelpArgument" "<Anonymous>" 
1640 :"read.dcf" "doTryCatch" "tryCatchOne" "tryCatchList" "tryCatch" ".read_description" "Rd2HTML" "<Anonymous>" "withCallingHandlers" "suppressWarnings" ".rs.getHelp" ".rs.getHelpFromObject" ".rs.getHelpArgument" "<Anonymous>" 
1800 :"read.dcf" "doTryCatch" "tryCatchOne" "tryCatchList" "tryCatch" ".read_description" "Rd2HTML" "<Anonymous>" "withCallingHandlers" "suppressWarnings" ".rs.getHelp" ".rs.getHelpFromObject" ".rs.getHelpArgument" "<Anonymous>" 
656 :"options" "match" "%in%" "getOption" "file" "Rd2HTML" "<Anonymous>" "withCallingHandlers" "suppressWarnings" ".rs.getHelp" ".rs.getHelpFromObject" ".rs.getHelpArgument" "<Anonymous>" 
656 :"options" "match" "%in%" "getOption" "file" "Rd2HTML" "<Anonymous>" "withCallingHandlers" "suppressWarnings" ".rs.getHelp" ".rs.getHelpFromObject" ".rs.getHelpArgument" "<Anonymous>" 
352 :"options" "match" "%in%" "getOption" "file" "Rd2HTML" "<Anonymous>" "withCallingHandlers" "suppressWarnings" ".rs.getHelp" ".rs.getHelpFromObject" ".rs.getHelpArgument" "<Anonymous>" 
656 :"options" "match" "%in%" "getOption" "file" "Rd2HTML" "<Anonymous>" "withCallingHandlers" "suppressWarnings" ".rs.getHelp" ".rs.getHelpFromObject" ".rs.getHelpArgument" "<Anonymous>" 
656 :"options" "match" "%in%" "getOption" "file" "Rd2HTML" "<Anonymous>" "withCallingHandlers" "suppressWarnings" ".rs.getHelp" ".rs.getHelpFromObject" ".rs.getHelpArgument" "<Anonymous>" 
656 :"match" "%in%" "getOption" "file" "Rd2HTML" "<Anonymous>" "withCallingHandlers" "suppressWarnings" ".rs.getHelp" ".rs.getHelpFromObject" ".rs.getHelpArgument" "<Anonymous>" 
272 :"mkenv" "lazyLoadDBexec" "<Anonymous>" "<Anonymous>" "prepare_Rd" "Rd2HTML" "<Anonymous>" "withCallingHandlers" "suppressWarnings" ".rs.getHelp" ".rs.getHelpFromObject" ".rs.getHelpArgument" "<Anonymous>" 
1064 :"readRDS" "lazyLoadDBexec" "<Anonymous>" "<Anonymous>" "prepare_Rd" "Rd2HTML" "<Anonymous>" "withCallingHandlers" "suppressWarnings" ".rs.getHelp" ".rs.getHelpFromObject" ".rs.getHelpArgument" "<Anonymous>" 
1104 :"readRDS" "lazyLoadDBexec" "<Anonymous>" "<Anonymous>" "prepare_Rd" "Rd2HTML" "<Anonymous>" "withCallingHandlers" "suppressWarnings" ".rs.getHelp" ".rs.getHelpFromObject" ".rs.getHelpArgument" "<Anonymous>" 
1104 :"readRDS" "lazyLoadDBexec" "<Anonymous>" "<Anonymous>" "prepare_Rd" "Rd2HTML" "<Anonymous>" "withCallingHandlers" "suppressWarnings" ".rs.getHelp" ".rs.getHelpFromObject" ".rs.getHelpArgument" "<Anonymous>" 
1104 :"readRDS" "lazyLoadDBexec" "<Anonymous>" "<Anonymous>" "prepare_Rd" "Rd2HTML" "<Anonymous>" "withCallingHandlers" "suppressWarnings" ".rs.getHelp" ".rs.getHelpFromObject" ".rs.getHelpArgument" "<Anonymous>" 
1104 :"readRDS" "lazyLoadDBexec" "<Anonymous>" "<Anonymous>" "prepare_Rd" "Rd2HTML" "<Anonymous>" "withCallingHandlers" "suppressWarnings" ".rs.getHelp" ".rs.getHelpFromObject" ".rs.getHelpArgument" "<Anonymous>" 
312 :"list2env" "lazyLoadDBexec" "<Anonymous>" "<Anonymous>" "prepare_Rd" "Rd2HTML" "<Anonymous>" "withCallingHandlers" "suppressWarnings" ".rs.getHelp" ".rs.getHelpFromObject" ".rs.getHelpArgument" "<Anonymous>" 
360 :"list2env" "lazyLoadDBexec" "<Anonymous>" "<Anonymous>" "prepare_Rd" "Rd2HTML" "<Anonymous>" "withCallingHandlers" "suppressWarnings" ".rs.getHelp" ".rs.getHelpFromObject" ".rs.getHelpArgument" "<Anonymous>" 
424 :"list2env" "lazyLoadDBexec" "<Anonymous>" "<Anonymous>" "prepare_Rd" "Rd2HTML" "<Anonymous>" "withCallingHandlers" "suppressWarnings" ".rs.getHelp" ".rs.getHelpFromObject" ".rs.getHelpArgument" "<Anonymous>" 
496 :"list2env" "lazyLoadDBexec" "<Anonymous>" "<Anonymous>" "prepare_Rd" "Rd2HTML" "<Anonymous>" "withCallingHandlers" "suppressWarnings" ".rs.getHelp" ".rs.getHelpFromObject" ".rs.getHelpArgument" "<Anonymous>" 
584 :"list2env" "lazyLoadDBexec" "<Anonymous>" "<Anonymous>" "prepare_Rd" "Rd2HTML" "<Anonymous>" "withCallingHandlers" "suppressWarnings" ".rs.getHelp" ".rs.getHelpFromObject" ".rs.getHelpArgument" "<Anonymous>" 
688 :"list2env" "lazyLoadDBexec" "<Anonymous>" "<Anonymous>" "prepare_Rd" "Rd2HTML" "<Anonymous>" "withCallingHandlers" "suppressWarnings" ".rs.getHelp" ".rs.getHelpFromObject" ".rs.getHelpArgument" "<Anonymous>" 
816 :"list2env" "lazyLoadDBexec" "<Anonymous>" "<Anonymous>" "prepare_Rd" "Rd2HTML" "<Anonymous>" "withCallingHandlers" "suppressWarnings" ".rs.getHelp" ".rs.getHelpFromObject" ".rs.getHelpArgument" "<Anonymous>" 
968 :"list2env" "lazyLoadDBexec" "<Anonymous>" "<Anonymous>" "prepare_Rd" "Rd2HTML" "<Anonymous>" "withCallingHandlers" "suppressWarnings" ".rs.getHelp" ".rs.getHelpFromObject" ".rs.getHelpArgument" "<Anonymous>" 
272 :"mkenv" "lazyLoadDBexec" "<Anonymous>" "<Anonymous>" "prepare_Rd" "Rd2HTML" "<Anonymous>" "withCallingHandlers" "suppressWarnings" ".rs.getHelp" ".rs.getHelpFromObject" ".rs.getHelpArgument" "<Anonymous>" 
1104 :"match" "%in%" "fun" "lazyLoadDBexec" "<Anonymous>" "<Anonymous>" "prepare_Rd" "Rd2HTML" "<Anonymous>" "withCallingHandlers" "suppressWarnings" ".rs.getHelp" ".rs.getHelpFromObject" ".rs.getHelpArgument" "<Anonymous>" 
2432 :"fetch" "fun" "lazyLoadDBexec" "<Anonymous>" "<Anonymous>" "prepare_Rd" "Rd2HTML" "<Anonymous>" "withCallingHandlers" "suppressWarnings" ".rs.getHelp" ".rs.getHelpFromObject" ".rs.getHelpArgument" "<Anonymous>" 
16936 :"fetch" "fun" "lazyLoadDBexec" "<Anonymous>" "<Anonymous>" "prepare_Rd" "Rd2HTML" "<Anonymous>" "withCallingHandlers" "suppressWarnings" ".rs.getHelp" ".rs.getHelpFromObject" ".rs.getHelpArgument" "<Anonymous>" 
16936 :"fetch" "fun" "lazyLoadDBexec" "<Anonymous>" "<Anonymous>" "prepare_Rd" "Rd2HTML" "<Anonymous>" "withCallingHandlers" "suppressWarnings" ".rs.getHelp" ".rs.getHelpFromObject" ".rs.getHelpArgument" "<Anonymous>" 
1064 :"fetch" "fun" "lazyLoadDBexec" "<Anonymous>" "<Anonymous>" "prepare_Rd" "Rd2HTML" "<Anonymous>" "withCallingHandlers" "suppressWarnings" ".rs.getHelp" ".rs.getHelpFromObject" ".rs.getHelpArgument" "<Anonymous>" 
272 :"mkenv" "<Anonymous>" "fetch" "fun" "lazyLoadDBexec" "<Anonymous>" "<Anonymous>" "prepare_Rd" "Rd2HTML" "<Anonymous>" "withCallingHandlers" "suppressWarnings" ".rs.getHelp" ".rs.getHelpFromObject" ".rs.getHelpArgument" "<Anonymous>" 
344 :"<Anonymous>" "fetch" "fun" "lazyLoadDBexec" "<Anonymous>" "<Anonymous>" "prepare_Rd" "Rd2HTML" "<Anonymous>" "withCallingHandlers" "suppressWarnings" ".rs.getHelp" ".rs.getHelpFromObject" ".rs.getHelpArgument" "<Anonymous>" 
648 :"<Anonymous>" "fetch" "fun" "lazyLoadDBexec" "<Anonymous>" "<Anonymous>" "prepare_Rd" "Rd2HTML" "<Anonymous>" "withCallingHandlers" "suppressWarnings" ".rs.getHelp" ".rs.getHelpFromObject" ".rs.getHelpArgument" "<Anonymous>" 
648 :"<Anonymous>" "fetch" "fun" "lazyLoadDBexec" "<Anonymous>" "<Anonymous>" "prepare_Rd" "Rd2HTML" "<Anonymous>" "withCallingHandlers" "suppressWarnings" ".rs.getHelp" ".rs.getHelpFromObject" ".rs.getHelpArgument" "<Anonymous>" 
1064 :"<Anonymous>" "fetch" "fun" "lazyLoadDBexec" "<Anonymous>" "<Anonymous>" "prepare_Rd" "Rd2HTML" "<Anonymous>" "withCallingHandlers" "suppressWarnings" ".rs.getHelp" ".rs.getHelpFromObject" ".rs.getHelpArgument" "<Anonymous>" 
280 :"unlist" "as.vector" "simplify2array" "sapply" "apply" "setDynamicFlags" "prepare_Rd" "Rd2HTML" "<Anonymous>" "withCallingHandlers" "suppressWarnings" ".rs.getHelp" ".rs.getHelpFromObject" ".rs.getHelpArgument" "<Anonymous>" 
520 :"unlist" "as.vector" "simplify2array" "sapply" "apply" "setDynamicFlags" "prepare_Rd" "Rd2HTML" "<Anonymous>" "withCallingHandlers" "suppressWarnings" ".rs.getHelp" ".rs.getHelpFromObject" ".rs.getHelpArgument" "<Anonymous>" 
280 :"as.vector" "simplify2array" "sapply" "apply" "setDynamicFlags" "prepare_Rd" "Rd2HTML" "<Anonymous>" "withCallingHandlers" "suppressWarnings" ".rs.getHelp" ".rs.getHelpFromObject" ".rs.getHelpArgument" "<Anonymous>" 
520 :"as.vector" "simplify2array" "sapply" "apply" "setDynamicFlags" "prepare_Rd" "Rd2HTML" "<Anonymous>" "withCallingHandlers" "suppressWarnings" ".rs.getHelp" ".rs.getHelpFromObject" ".rs.getHelpArgument" "<Anonymous>" 
280 :"array" "simplify2array" "sapply" "apply" "setDynamicFlags" "prepare_Rd" "Rd2HTML" "<Anonymous>" "withCallingHandlers" "suppressWarnings" ".rs.getHelp" ".rs.getHelpFromObject" ".rs.getHelpArgument" "<Anonymous>" 
280 :"aperm.default" "aperm" "apply" "setDynamicFlags" "prepare_Rd" "Rd2HTML" "<Anonymous>" "withCallingHandlers" "suppressWarnings" ".rs.getHelp" ".rs.getHelpFromObject" ".rs.getHelpArgument" "<Anonymous>" 
192 :"match" "%in%" "Rd2txt" "tryCatchList" "tryCatch" ".Rd_get_text" ".Rd_get_title" "gsub" ".Rd_format_title" "strwrap" "Rd2HTML" "<Anonymous>" "withCallingHandlers" "suppressWarnings" ".rs.getHelp" ".rs.getHelpFromObject" ".rs.getHelpArgument" "<Anonymous>" 
656 :"options" "match" "%in%" "getOption" "file" "readLines" "paste" "<Anonymous>" "withCallingHandlers" "suppressWarnings" ".rs.getHelp" ".rs.getHelpFromObject" ".rs.getHelpArgument" "<Anonymous>" 
656 :"options" "match" "%in%" "getOption" "file" "readLines" "paste" "<Anonymous>" "withCallingHandlers" "suppressWarnings" ".rs.getHelp" ".rs.getHelpFromObject" ".rs.getHelpArgument" "<Anonymous>" 
352 :"options" "match" "%in%" "getOption" "file" "readLines" "paste" "<Anonymous>" "withCallingHandlers" "suppressWarnings" ".rs.getHelp" ".rs.getHelpFromObject" ".rs.getHelpArgument" "<Anonymous>" 
656 :"options" "match" "%in%" "getOption" "file" "readLines" "paste" "<Anonymous>" "withCallingHandlers" "suppressWarnings" ".rs.getHelp" ".rs.getHelpFromObject" ".rs.getHelpArgument" "<Anonymous>" 
656 :"options" "match" "%in%" "getOption" "file" "readLines" "paste" "<Anonymous>" "withCallingHandlers" "suppressWarnings" ".rs.getHelp" ".rs.getHelpFromObject" ".rs.getHelpArgument" "<Anonymous>" 
656 :"match" "%in%" "getOption" "file" "readLines" "paste" "<Anonymous>" "withCallingHandlers" "suppressWarnings" ".rs.getHelp" ".rs.getHelpFromObject" ".rs.getHelpArgument" "<Anonymous>" 
8040 :"readLines" "paste" "<Anonymous>" "withCallingHandlers" "suppressWarnings" ".rs.getHelp" ".rs.getHelpFromObject" ".rs.getHelpArgument" "<Anonymous>" 
816 :"readLines" "paste" "<Anonymous>" "withCallingHandlers" "suppressWarnings" ".rs.getHelp" ".rs.getHelpFromObject" ".rs.getHelpArgument" "<Anonymous>" 
816 :"paste" "<Anonymous>" "withCallingHandlers" "suppressWarnings" ".rs.getHelp" ".rs.getHelpFromObject" ".rs.getHelpArgument" "<Anonymous>" 
256 :4136 :"gregexpr" "<Anonymous>" 
4136 :"gregexpr" "<Anonymous>" 
272 :"new.env" "srcfilecopy" "parse" "doTryCatch" "tryCatchOne" "tryCatchList" "tryCatch" "<Anonymous>" 
200 :"parse" "doTryCatch" "tryCatchOne" "tryCatchList" "tryCatch" "<Anonymous>" 
272 :"new.env" "srcfilecopy" "parse" "withCallingHandlers" "suppressWarnings" "doTryCatch" "tryCatchOne" "tryCatchList" "tryCatch" ".rs.getAnywhere" ".rs.resolveObjectFromFunctionCall" ".rs.getCompletionsArgument" ".rs.appendCompletions" ".rs.getRCompletions" ".rs.appendCompletions" "<Anonymous>" 
320 :"loadedNamespaces" "match" "%in%" ".rs.resolveObjectFromFunctionCall" ".rs.getCompletionsArgument" ".rs.appendCompletions" ".rs.getRCompletions" ".rs.appendCompletions" "<Anonymous>" 
320 :"match" "%in%" ".rs.resolveObjectFromFunctionCall" ".rs.getCompletionsArgument" ".rs.appendCompletions" ".rs.getRCompletions" ".rs.appendCompletions" "<Anonymous>" 
320 :"loadedNamespaces" "match" "%in%" ".rs.getCompletionsArgument" ".rs.appendCompletions" ".rs.getRCompletions" ".rs.appendCompletions" "<Anonymous>" 
320 :"match" "%in%" ".rs.getCompletionsArgument" ".rs.appendCompletions" ".rs.getRCompletions" ".rs.appendCompletions" "<Anonymous>" 
264 :"ls" "FUN" "lapply" ".rs.objectsOnSearchPath" ".rs.getCompletionsSearchPath" "Reduce" "<Anonymous>" 
6288 :"ls" "FUN" "lapply" ".rs.objectsOnSearchPath" ".rs.getCompletionsSearchPath" "Reduce" "<Anonymous>" 
320 :"ls" "FUN" "lapply" ".rs.objectsOnSearchPath" ".rs.getCompletionsSearchPath" "Reduce" "<Anonymous>" 
5088 :"ls" "FUN" "lapply" ".rs.objectsOnSearchPath" ".rs.getCompletionsSearchPath" "Reduce" "<Anonymous>" 
3664 :"ls" "FUN" "lapply" ".rs.objectsOnSearchPath" ".rs.getCompletionsSearchPath" "Reduce" "<Anonymous>" 
744 :"ls" "FUN" "lapply" ".rs.objectsOnSearchPath" ".rs.getCompletionsSearchPath" "Reduce" "<Anonymous>" 
904 :"ls" "FUN" "lapply" ".rs.objectsOnSearchPath" ".rs.getCompletionsSearchPath" "Reduce" "<Anonymous>" 
1712 :"ls" "FUN" "lapply" ".rs.objectsOnSearchPath" ".rs.getCompletionsSearchPath" "Reduce" "<Anonymous>" 
872 :"ls" "FUN" "lapply" ".rs.objectsOnSearchPath" ".rs.getCompletionsSearchPath" "Reduce" "<Anonymous>" 
3088 :"ls" "FUN" "lapply" ".rs.objectsOnSearchPath" ".rs.getCompletionsSearchPath" "Reduce" "<Anonymous>" 
10608 :"ls" "FUN" "lapply" ".rs.objectsOnSearchPath" ".rs.getCompletionsSearchPath" "Reduce" "<Anonymous>" 
33344 :"unlist" ".rs.getCompletionsSearchPath" "Reduce" "<Anonymous>" 
264 :"rep.int" "FUN" "lapply" "unlist" ".rs.getCompletionsSearchPath" "Reduce" "<Anonymous>" 
6288 :"rep.int" "FUN" "lapply" "unlist" ".rs.getCompletionsSearchPath" "Reduce" "<Anonymous>" 
320 :"rep.int" "FUN" "lapply" "unlist" ".rs.getCompletionsSearchPath" "Reduce" "<Anonymous>" 
5088 :"rep.int" "FUN" "lapply" "unlist" ".rs.getCompletionsSearchPath" "Reduce" "<Anonymous>" 
3664 :"rep.int" "FUN" "lapply" "unlist" ".rs.getCompletionsSearchPath" "Reduce" "<Anonymous>" 
744 :"rep.int" "FUN" "lapply" "unlist" ".rs.getCompletionsSearchPath" "Reduce" "<Anonymous>" 
904 :"rep.int" "FUN" "lapply" "unlist" ".rs.getCompletionsSearchPath" "Reduce" "<Anonymous>" 
1712 :"rep.int" "FUN" "lapply" "unlist" ".rs.getCompletionsSearchPath" "Reduce" "<Anonymous>" 
872 :"rep.int" "FUN" "lapply" "unlist" ".rs.getCompletionsSearchPath" "Reduce" "<Anonymous>" 
3088 :"rep.int" "FUN" "lapply" "unlist" ".rs.getCompletionsSearchPath" "Reduce" "<Anonymous>" 
10608 :"rep.int" "FUN" "lapply" "unlist" ".rs.getCompletionsSearchPath" "Reduce" "<Anonymous>" 
33344 :"unlist" ".rs.getCompletionsSearchPath" "Reduce" "<Anonymous>" 
16696 :".rs.getCompletionsSearchPath" "Reduce" "<Anonymous>" 
16696 :".rs.getCompletionsSearchPath" "Reduce" "<Anonymous>" 
33344 :"gsub" ".rs.fuzzyMatches" ".rs.getCompletionsSearchPath" "Reduce" "<Anonymous>" 
33344 :"tolower" "nchar" ".rs.startsWith" ".rs.fuzzyMatches" ".rs.getCompletionsSearchPath" "Reduce" "<Anonymous>" 
16696 :"nchar" ".rs.startsWith" ".rs.fuzzyMatches" ".rs.getCompletionsSearchPath" "Reduce" "<Anonymous>" 
16696 :".rs.startsWith" ".rs.fuzzyMatches" ".rs.getCompletionsSearchPath" "Reduce" "<Anonymous>" 
33344 :"substring" ".rs.startsWith" ".rs.fuzzyMatches" ".rs.getCompletionsSearchPath" "Reduce" "<Anonymous>" 
16696 :".rs.startsWith" ".rs.fuzzyMatches" ".rs.getCompletionsSearchPath" "Reduce" "<Anonymous>" 
16696 :".rs.startsWith" ".rs.fuzzyMatches" ".rs.getCompletionsSearchPath" "Reduce" "<Anonymous>" 
16696 :".rs.getCompletionsSearchPath" "Reduce" "<Anonymous>" 
16696 :".rs.getCompletionsSearchPath" "Reduce" "<Anonymous>" 
256 :4136 :"gregexpr" "<Anonymous>" 
4136 :"gregexpr" "<Anonymous>" 
272 :"new.env" "srcfilecopy" "parse" "doTryCatch" "tryCatchOne" "tryCatchList" "tryCatch" "<Anonymous>" 
200 :"parse" "doTryCatch" "tryCatchOne" "tryCatchList" "tryCatch" "<Anonymous>" 
272 :"new.env" "srcfilecopy" "parse" "withCallingHandlers" "suppressWarnings" "doTryCatch" "tryCatchOne" "tryCatchList" "tryCatch" ".rs.getAnywhere" ".rs.resolveObjectFromFunctionCall" ".rs.getCompletionsFunction" ".rs.appendCompletions" ".rs.getRCompletions" ".rs.appendCompletions" "<Anonymous>" 
320 :"loadedNamespaces" "match" "%in%" ".rs.resolveObjectFromFunctionCall" ".rs.getCompletionsFunction" ".rs.appendCompletions" ".rs.getRCompletions" ".rs.appendCompletions" "<Anonymous>" 
320 :"match" "%in%" ".rs.resolveObjectFromFunctionCall" ".rs.getCompletionsFunction" ".rs.appendCompletions" ".rs.getRCompletions" ".rs.appendCompletions" "<Anonymous>" 
320 :"loadedNamespaces" "match" "%in%" ".rs.isKnitrObject" ".rs.getCompletionsFunction" ".rs.appendCompletions" ".rs.getRCompletions" ".rs.appendCompletions" "<Anonymous>" 
320 :"match" "%in%" ".rs.isKnitrObject" ".rs.getCompletionsFunction" ".rs.appendCompletions" ".rs.getRCompletions" ".rs.appendCompletions" "<Anonymous>" 
272 :"new.env" "srcfilecopy" "parse" "withCallingHandlers" "suppressWarnings" "doTryCatch" "tryCatchOne" "tryCatchList" "tryCatch" ".rs.getAnywhere" ".rs.resolveObjectFromFunctionCall" ".rs.getCompletionsArgument" ".rs.getCompletionsFunction" ".rs.appendCompletions" ".rs.getRCompletions" ".rs.appendCompletions" "<Anonymous>" 
320 :"loadedNamespaces" "match" "%in%" ".rs.resolveObjectFromFunctionCall" ".rs.getCompletionsArgument" ".rs.getCompletionsFunction" ".rs.appendCompletions" ".rs.getRCompletions" ".rs.appendCompletions" "<Anonymous>" 
320 :"match" "%in%" ".rs.resolveObjectFromFunctionCall" ".rs.getCompletionsArgument" ".rs.getCompletionsFunction" ".rs.appendCompletions" ".rs.getRCompletions" ".rs.appendCompletions" "<Anonymous>" 
320 :"loadedNamespaces" "match" "%in%" ".rs.getCompletionsArgument" ".rs.getCompletionsFunction" ".rs.appendCompletions" ".rs.getRCompletions" ".rs.appendCompletions" "<Anonymous>" 
320 :"match" "%in%" ".rs.getCompletionsArgument" ".rs.getCompletionsFunction" ".rs.appendCompletions" ".rs.getRCompletions" ".rs.appendCompletions" "<Anonymous>" 
272 :"new.env" "srcfilecopy" "parse" "withCallingHandlers" "suppressWarnings" "doTryCatch" "tryCatchOne" "tryCatchList" "tryCatch" ".rs.getAnywhere" "<Anonymous>" 
256 :4136 :"gregexpr" "<Anonymous>" 
4136 :"gregexpr" "<Anonymous>" 
272 :"new.env" "srcfilecopy" "parse" "doTryCatch" "tryCatchOne" "tryCatchList" "tryCatch" "<Anonymous>" 
328 :"parse" "doTryCatch" "tryCatchOne" "tryCatchList" "tryCatch" "<Anonymous>" 
272 :"new.env" "srcfilecopy" "parse" "withCallingHandlers" "suppressWarnings" "doTryCatch" "tryCatchOne" "tryCatchList" "tryCatch" ".rs.getAnywhere" ".rs.resolveObjectFromFunctionCall" ".rs.getCompletionsFunction" ".rs.appendCompletions" ".rs.getRCompletions" ".rs.appendCompletions" "<Anonymous>" 
320 :"loadedNamespaces" "match" "%in%" ".rs.resolveObjectFromFunctionCall" ".rs.getCompletionsFunction" ".rs.appendCompletions" ".rs.getRCompletions" ".rs.appendCompletions" "<Anonymous>" 
320 :"match" "%in%" ".rs.resolveObjectFromFunctionCall" ".rs.getCompletionsFunction" ".rs.appendCompletions" ".rs.getRCompletions" ".rs.appendCompletions" "<Anonymous>" 
320 :"loadedNamespaces" "match" "%in%" ".rs.isKnitrObject" ".rs.getCompletionsFunction" ".rs.appendCompletions" ".rs.getRCompletions" ".rs.appendCompletions" "<Anonymous>" 
320 :"match" "%in%" ".rs.isKnitrObject" ".rs.getCompletionsFunction" ".rs.appendCompletions" ".rs.getRCompletions" ".rs.appendCompletions" "<Anonymous>" 
272 :"new.env" "srcfilecopy" "parse" "withCallingHandlers" "suppressWarnings" "doTryCatch" "tryCatchOne" "tryCatchList" "tryCatch" ".rs.getAnywhere" ".rs.resolveObjectFromFunctionCall" ".rs.getCompletionsArgument" ".rs.getCompletionsFunction" ".rs.appendCompletions" ".rs.getRCompletions" ".rs.appendCompletions" "<Anonymous>" 
320 :"loadedNamespaces" "match" "%in%" ".rs.resolveObjectFromFunctionCall" ".rs.getCompletionsArgument" ".rs.getCompletionsFunction" ".rs.appendCompletions" ".rs.getRCompletions" ".rs.appendCompletions" "<Anonymous>" 
320 :"match" "%in%" ".rs.resolveObjectFromFunctionCall" ".rs.getCompletionsArgument" ".rs.getCompletionsFunction" ".rs.appendCompletions" ".rs.getRCompletions" ".rs.appendCompletions" "<Anonymous>" 
320 :"loadedNamespaces" "match" "%in%" ".rs.getCompletionsArgument" ".rs.getCompletionsFunction" ".rs.appendCompletions" ".rs.getRCompletions" ".rs.appendCompletions" "<Anonymous>" 
320 :"match" "%in%" ".rs.getCompletionsArgument" ".rs.getCompletionsFunction" ".rs.appendCompletions" ".rs.getRCompletions" ".rs.appendCompletions" "<Anonymous>" 
272 :"new.env" "srcfilecopy" "parse" "withCallingHandlers" "suppressWarnings" "doTryCatch" "tryCatchOne" "tryCatchList" "tryCatch" ".rs.getAnywhere" "<Anonymous>" 
256 :272 :"new.env" "srcfilecopy" "parse" "withCallingHandlers" "suppressWarnings" "doTryCatch" "tryCatchOne" "tryCatchList" "tryCatch" ".rs.getAnywhere" ".rs.getHelpArgument" "<Anonymous>" 
192 :"<Anonymous>" "data" "withCallingHandlers" "suppressWarnings" "doTryCatch" "tryCatchOne" "tryCatchList" "tryCatch" ".rs.getHelpFromObject" ".rs.getHelpArgument" "<Anonymous>" 
3976 :"objects" ".rs.getHelpFromObject" ".rs.getHelpArgument" "<Anonymous>" 
3976 :"mget" "doTryCatch" "tryCatchOne" "tryCatchList" "tryCatch" ".rs.getHelpFromObject" ".rs.getHelpArgument" "<Anonymous>" 
2008 :".rs.getHelpFromObject" ".rs.getHelpArgument" "<Anonymous>" 
1064 :"readRDS" "index.search" "<Anonymous>" "eval" "eval" "doTryCatch" "tryCatchOne" "tryCatchList" "tryCatch" ".rs.getHelp" ".rs.getHelpFromObject" ".rs.getHelpArgument" "<Anonymous>" 
2448 :"readRDS" "index.search" "<Anonymous>" "eval" "eval" "doTryCatch" "tryCatchOne" "tryCatchList" "tryCatch" ".rs.getHelp" ".rs.getHelpFromObject" ".rs.getHelpArgument" "<Anonymous>" 
2448 :"readRDS" "index.search" "<Anonymous>" "eval" "eval" "doTryCatch" "tryCatchOne" "tryCatchList" "tryCatch" ".rs.getHelp" ".rs.getHelpFromObject" ".rs.getHelpArgument" "<Anonymous>" 
1064 :"readRDS" "<Anonymous>" "withCallingHandlers" "suppressWarnings" ".rs.getHelp" ".rs.getHelpFromObject" ".rs.getHelpArgument" "<Anonymous>" 
1104 :"readRDS" "<Anonymous>" "withCallingHandlers" "suppressWarnings" ".rs.getHelp" ".rs.getHelpFromObject" ".rs.getHelpArgument" "<Anonymous>" 
1104 :"readRDS" "<Anonymous>" "withCallingHandlers" "suppressWarnings" ".rs.getHelp" ".rs.getHelpFromObject" ".rs.getHelpArgument" "<Anonymous>" 
1104 :"readRDS" "<Anonymous>" "withCallingHandlers" "suppressWarnings" ".rs.getHelp" ".rs.getHelpFromObject" ".rs.getHelpArgument" "<Anonymous>" 
1104 :"readRDS" "<Anonymous>" "withCallingHandlers" "suppressWarnings" ".rs.getHelp" ".rs.getHelpFromObject" ".rs.getHelpArgument" "<Anonymous>" 
1104 :"readRDS" "<Anonymous>" "withCallingHandlers" "suppressWarnings" ".rs.getHelp" ".rs.getHelpFromObject" ".rs.getHelpArgument" "<Anonymous>" 
1104 :"readRDS" "<Anonymous>" "withCallingHandlers" "suppressWarnings" ".rs.getHelp" ".rs.getHelpFromObject" ".rs.getHelpArgument" "<Anonymous>" 
1104 :"readRDS" "<Anonymous>" "withCallingHandlers" "suppressWarnings" ".rs.getHelp" ".rs.getHelpFromObject" ".rs.getHelpArgument" "<Anonymous>" 
1104 :"readRDS" "<Anonymous>" "withCallingHandlers" "suppressWarnings" ".rs.getHelp" ".rs.getHelpFromObject" ".rs.getHelpArgument" "<Anonymous>" 
1104 :"sub" "<Anonymous>" "withCallingHandlers" "suppressWarnings" ".rs.getHelp" ".rs.getHelpFromObject" ".rs.getHelpArgument" "<Anonymous>" 
1104 :"match" "%in%" "<Anonymous>" "withCallingHandlers" "suppressWarnings" ".rs.getHelp" ".rs.getHelpFromObject" ".rs.getHelpArgument" "<Anonymous>" 
200 :"read.dcf" "doTryCatch" "tryCatchOne" "tryCatchList" "tryCatch" ".read_description" "Rd2HTML" "<Anonymous>" "withCallingHandlers" "suppressWarnings" ".rs.getHelp" ".rs.getHelpFromObject" ".rs.getHelpArgument" "<Anonymous>" 
360 :"read.dcf" "doTryCatch" "tryCatchOne" "tryCatchList" "tryCatch" ".read_description" "Rd2HTML" "<Anonymous>" "withCallingHandlers" "suppressWarnings" ".rs.getHelp" ".rs.getHelpFromObject" ".rs.getHelpArgument" "<Anonymous>" 
520 :"read.dcf" "doTryCatch" "tryCatchOne" "tryCatchList" "tryCatch" ".read_description" "Rd2HTML" "<Anonymous>" "withCallingHandlers" "suppressWarnings" ".rs.getHelp" ".rs.getHelpFromObject" ".rs.getHelpArgument" "<Anonymous>" 
680 :"read.dcf" "doTryCatch" "tryCatchOne" "tryCatchList" "tryCatch" ".read_description" "Rd2HTML" "<Anonymous>" "withCallingHandlers" "suppressWarnings" ".rs.getHelp" ".rs.getHelpFromObject" ".rs.getHelpArgument" "<Anonymous>" 
840 :"read.dcf" "doTryCatch" "tryCatchOne" "tryCatchList" "tryCatch" ".read_description" "Rd2HTML" "<Anonymous>" "withCallingHandlers" "suppressWarnings" ".rs.getHelp" ".rs.getHelpFromObject" ".rs.getHelpArgument" "<Anonymous>" 
1000 :"read.dcf" "doTryCatch" "tryCatchOne" "tryCatchList" "tryCatch" ".read_description" "Rd2HTML" "<Anonymous>" "withCallingHandlers" "suppressWarnings" ".rs.getHelp" ".rs.getHelpFromObject" ".rs.getHelpArgument" "<Anonymous>" 
1160 :"read.dcf" "doTryCatch" "tryCatchOne" "tryCatchList" "tryCatch" ".read_description" "Rd2HTML" "<Anonymous>" "withCallingHandlers" "suppressWarnings" ".rs.getHelp" ".rs.getHelpFromObject" ".rs.getHelpArgument" "<Anonymous>" 
1320 :"read.dcf" "doTryCatch" "tryCatchOne" "tryCatchList" "tryCatch" ".read_description" "Rd2HTML" "<Anonymous>" "withCallingHandlers" "suppressWarnings" ".rs.getHelp" ".rs.getHelpFromObject" ".rs.getHelpArgument" "<Anonymous>" 
1480 :"read.dcf" "doTryCatch" "tryCatchOne" "tryCatchList" "tryCatch" ".read_description" "Rd2HTML" "<Anonymous>" "withCallingHandlers" "suppressWarnings" ".rs.getHelp" ".rs.getHelpFromObject" ".rs.getHelpArgument" "<Anonymous>" 
1640 :"read.dcf" "doTryCatch" "tryCatchOne" "tryCatchList" "tryCatch" ".read_description" "Rd2HTML" "<Anonymous>" "withCallingHandlers" "suppressWarnings" ".rs.getHelp" ".rs.getHelpFromObject" ".rs.getHelpArgument" "<Anonymous>" 
1800 :"read.dcf" "doTryCatch" "tryCatchOne" "tryCatchList" "tryCatch" ".read_description" "Rd2HTML" "<Anonymous>" "withCallingHandlers" "suppressWarnings" ".rs.getHelp" ".rs.getHelpFromObject" ".rs.getHelpArgument" "<Anonymous>" 
656 :"options" "match" "%in%" "getOption" "file" "Rd2HTML" "<Anonymous>" "withCallingHandlers" "suppressWarnings" ".rs.getHelp" ".rs.getHelpFromObject" ".rs.getHelpArgument" "<Anonymous>" 
656 :"options" "match" "%in%" "getOption" "file" "Rd2HTML" "<Anonymous>" "withCallingHandlers" "suppressWarnings" ".rs.getHelp" ".rs.getHelpFromObject" ".rs.getHelpArgument" "<Anonymous>" 
352 :"options" "match" "%in%" "getOption" "file" "Rd2HTML" "<Anonymous>" "withCallingHandlers" "suppressWarnings" ".rs.getHelp" ".rs.getHelpFromObject" ".rs.getHelpArgument" "<Anonymous>" 
656 :"options" "match" "%in%" "getOption" "file" "Rd2HTML" "<Anonymous>" "withCallingHandlers" "suppressWarnings" ".rs.getHelp" ".rs.getHelpFromObject" ".rs.getHelpArgument" "<Anonymous>" 
656 :"options" "match" "%in%" "getOption" "file" "Rd2HTML" "<Anonymous>" "withCallingHandlers" "suppressWarnings" ".rs.getHelp" ".rs.getHelpFromObject" ".rs.getHelpArgument" "<Anonymous>" 
656 :"match" "%in%" "getOption" "file" "Rd2HTML" "<Anonymous>" "withCallingHandlers" "suppressWarnings" ".rs.getHelp" ".rs.getHelpFromObject" ".rs.getHelpArgument" "<Anonymous>" 
272 :"mkenv" "lazyLoadDBexec" "<Anonymous>" "<Anonymous>" "prepare_Rd" "Rd2HTML" "<Anonymous>" "withCallingHandlers" "suppressWarnings" ".rs.getHelp" ".rs.getHelpFromObject" ".rs.getHelpArgument" "<Anonymous>" 
1064 :"readRDS" "lazyLoadDBexec" "<Anonymous>" "<Anonymous>" "prepare_Rd" "Rd2HTML" "<Anonymous>" "withCallingHandlers" "suppressWarnings" ".rs.getHelp" ".rs.getHelpFromObject" ".rs.getHelpArgument" "<Anonymous>" 
1104 :"readRDS" "lazyLoadDBexec" "<Anonymous>" "<Anonymous>" "prepare_Rd" "Rd2HTML" "<Anonymous>" "withCallingHandlers" "suppressWarnings" ".rs.getHelp" ".rs.getHelpFromObject" ".rs.getHelpArgument" "<Anonymous>" 
1104 :"readRDS" "lazyLoadDBexec" "<Anonymous>" "<Anonymous>" "prepare_Rd" "Rd2HTML" "<Anonymous>" "withCallingHandlers" "suppressWarnings" ".rs.getHelp" ".rs.getHelpFromObject" ".rs.getHelpArgument" "<Anonymous>" 
1104 :"readRDS" "lazyLoadDBexec" "<Anonymous>" "<Anonymous>" "prepare_Rd" "Rd2HTML" "<Anonymous>" "withCallingHandlers" "suppressWarnings" ".rs.getHelp" ".rs.getHelpFromObject" ".rs.getHelpArgument" "<Anonymous>" 
1104 :"readRDS" "lazyLoadDBexec" "<Anonymous>" "<Anonymous>" "prepare_Rd" "Rd2HTML" "<Anonymous>" "withCallingHandlers" "suppressWarnings" ".rs.getHelp" ".rs.getHelpFromObject" ".rs.getHelpArgument" "<Anonymous>" 
312 :"list2env" "lazyLoadDBexec" "<Anonymous>" "<Anonymous>" "prepare_Rd" "Rd2HTML" "<Anonymous>" "withCallingHandlers" "suppressWarnings" ".rs.getHelp" ".rs.getHelpFromObject" ".rs.getHelpArgument" "<Anonymous>" 
360 :"list2env" "lazyLoadDBexec" "<Anonymous>" "<Anonymous>" "prepare_Rd" "Rd2HTML" "<Anonymous>" "withCallingHandlers" "suppressWarnings" ".rs.getHelp" ".rs.getHelpFromObject" ".rs.getHelpArgument" "<Anonymous>" 
424 :"list2env" "lazyLoadDBexec" "<Anonymous>" "<Anonymous>" "prepare_Rd" "Rd2HTML" "<Anonymous>" "withCallingHandlers" "suppressWarnings" ".rs.getHelp" ".rs.getHelpFromObject" ".rs.getHelpArgument" "<Anonymous>" 
496 :"list2env" "lazyLoadDBexec" "<Anonymous>" "<Anonymous>" "prepare_Rd" "Rd2HTML" "<Anonymous>" "withCallingHandlers" "suppressWarnings" ".rs.getHelp" ".rs.getHelpFromObject" ".rs.getHelpArgument" "<Anonymous>" 
584 :"list2env" "lazyLoadDBexec" "<Anonymous>" "<Anonymous>" "prepare_Rd" "Rd2HTML" "<Anonymous>" "withCallingHandlers" "suppressWarnings" ".rs.getHelp" ".rs.getHelpFromObject" ".rs.getHelpArgument" "<Anonymous>" 
688 :"list2env" "lazyLoadDBexec" "<Anonymous>" "<Anonymous>" "prepare_Rd" "Rd2HTML" "<Anonymous>" "withCallingHandlers" "suppressWarnings" ".rs.getHelp" ".rs.getHelpFromObject" ".rs.getHelpArgument" "<Anonymous>" 
816 :"list2env" "lazyLoadDBexec" "<Anonymous>" "<Anonymous>" "prepare_Rd" "Rd2HTML" "<Anonymous>" "withCallingHandlers" "suppressWarnings" ".rs.getHelp" ".rs.getHelpFromObject" ".rs.getHelpArgument" "<Anonymous>" 
968 :"list2env" "lazyLoadDBexec" "<Anonymous>" "<Anonymous>" "prepare_Rd" "Rd2HTML" "<Anonymous>" "withCallingHandlers" "suppressWarnings" ".rs.getHelp" ".rs.getHelpFromObject" ".rs.getHelpArgument" "<Anonymous>" 
272 :"mkenv" "lazyLoadDBexec" "<Anonymous>" "<Anonymous>" "prepare_Rd" "Rd2HTML" "<Anonymous>" "withCallingHandlers" "suppressWarnings" ".rs.getHelp" ".rs.getHelpFromObject" ".rs.getHelpArgument" "<Anonymous>" 
1104 :"match" "%in%" "fun" "lazyLoadDBexec" "<Anonymous>" "<Anonymous>" "prepare_Rd" "Rd2HTML" "<Anonymous>" "withCallingHandlers" "suppressWarnings" ".rs.getHelp" ".rs.getHelpFromObject" ".rs.getHelpArgument" "<Anonymous>" 
2432 :"fetch" "fun" "lazyLoadDBexec" "<Anonymous>" "<Anonymous>" "prepare_Rd" "Rd2HTML" "<Anonymous>" "withCallingHandlers" "suppressWarnings" ".rs.getHelp" ".rs.getHelpFromObject" ".rs.getHelpArgument" "<Anonymous>" 
16936 :"fetch" "fun" "lazyLoadDBexec" "<Anonymous>" "<Anonymous>" "prepare_Rd" "Rd2HTML" "<Anonymous>" "withCallingHandlers" "suppressWarnings" ".rs.getHelp" ".rs.getHelpFromObject" ".rs.getHelpArgument" "<Anonymous>" 
16936 :"fetch" "fun" "lazyLoadDBexec" "<Anonymous>" "<Anonymous>" "prepare_Rd" "Rd2HTML" "<Anonymous>" "withCallingHandlers" "suppressWarnings" ".rs.getHelp" ".rs.getHelpFromObject" ".rs.getHelpArgument" "<Anonymous>" 
1064 :"fetch" "fun" "lazyLoadDBexec" "<Anonymous>" "<Anonymous>" "prepare_Rd" "Rd2HTML" "<Anonymous>" "withCallingHandlers" "suppressWarnings" ".rs.getHelp" ".rs.getHelpFromObject" ".rs.getHelpArgument" "<Anonymous>" 
272 :"mkenv" "<Anonymous>" "fetch" "fun" "lazyLoadDBexec" "<Anonymous>" "<Anonymous>" "prepare_Rd" "Rd2HTML" "<Anonymous>" "withCallingHandlers" "suppressWarnings" ".rs.getHelp" ".rs.getHelpFromObject" ".rs.getHelpArgument" "<Anonymous>" 
344 :"<Anonymous>" "fetch" "fun" "lazyLoadDBexec" "<Anonymous>" "<Anonymous>" "prepare_Rd" "Rd2HTML" "<Anonymous>" "withCallingHandlers" "suppressWarnings" ".rs.getHelp" ".rs.getHelpFromObject" ".rs.getHelpArgument" "<Anonymous>" 
648 :"<Anonymous>" "fetch" "fun" "lazyLoadDBexec" "<Anonymous>" "<Anonymous>" "prepare_Rd" "Rd2HTML" "<Anonymous>" "withCallingHandlers" "suppressWarnings" ".rs.getHelp" ".rs.getHelpFromObject" ".rs.getHelpArgument" "<Anonymous>" 
648 :"<Anonymous>" "fetch" "fun" "lazyLoadDBexec" "<Anonymous>" "<Anonymous>" "prepare_Rd" "Rd2HTML" "<Anonymous>" "withCallingHandlers" "suppressWarnings" ".rs.getHelp" ".rs.getHelpFromObject" ".rs.getHelpArgument" "<Anonymous>" 
1064 :"<Anonymous>" "fetch" "fun" "lazyLoadDBexec" "<Anonymous>" "<Anonymous>" "prepare_Rd" "Rd2HTML" "<Anonymous>" "withCallingHandlers" "suppressWarnings" ".rs.getHelp" ".rs.getHelpFromObject" ".rs.getHelpArgument" "<Anonymous>" 
280 :"unlist" "as.vector" "simplify2array" "sapply" "apply" "setDynamicFlags" "prepare_Rd" "Rd2HTML" "<Anonymous>" "withCallingHandlers" "suppressWarnings" ".rs.getHelp" ".rs.getHelpFromObject" ".rs.getHelpArgument" "<Anonymous>" 
520 :"unlist" "as.vector" "simplify2array" "sapply" "apply" "setDynamicFlags" "prepare_Rd" "Rd2HTML" "<Anonymous>" "withCallingHandlers" "suppressWarnings" ".rs.getHelp" ".rs.getHelpFromObject" ".rs.getHelpArgument" "<Anonymous>" 
280 :"as.vector" "simplify2array" "sapply" "apply" "setDynamicFlags" "prepare_Rd" "Rd2HTML" "<Anonymous>" "withCallingHandlers" "suppressWarnings" ".rs.getHelp" ".rs.getHelpFromObject" ".rs.getHelpArgument" "<Anonymous>" 
520 :"as.vector" "simplify2array" "sapply" "apply" "setDynamicFlags" "prepare_Rd" "Rd2HTML" "<Anonymous>" "withCallingHandlers" "suppressWarnings" ".rs.getHelp" ".rs.getHelpFromObject" ".rs.getHelpArgument" "<Anonymous>" 
280 :"array" "simplify2array" "sapply" "apply" "setDynamicFlags" "prepare_Rd" "Rd2HTML" "<Anonymous>" "withCallingHandlers" "suppressWarnings" ".rs.getHelp" ".rs.getHelpFromObject" ".rs.getHelpArgument" "<Anonymous>" 
280 :"aperm.default" "aperm" "apply" "setDynamicFlags" "prepare_Rd" "Rd2HTML" "<Anonymous>" "withCallingHandlers" "suppressWarnings" ".rs.getHelp" ".rs.getHelpFromObject" ".rs.getHelpArgument" "<Anonymous>" 
192 :"match" "%in%" "Rd2txt" "tryCatchList" "tryCatch" ".Rd_get_text" ".Rd_get_title" "gsub" ".Rd_format_title" "strwrap" "Rd2HTML" "<Anonymous>" "withCallingHandlers" "suppressWarnings" ".rs.getHelp" ".rs.getHelpFromObject" ".rs.getHelpArgument" "<Anonymous>" 
656 :"options" "match" "%in%" "getOption" "file" "readLines" "paste" "<Anonymous>" "withCallingHandlers" "suppressWarnings" ".rs.getHelp" ".rs.getHelpFromObject" ".rs.getHelpArgument" "<Anonymous>" 
656 :"options" "match" "%in%" "getOption" "file" "readLines" "paste" "<Anonymous>" "withCallingHandlers" "suppressWarnings" ".rs.getHelp" ".rs.getHelpFromObject" ".rs.getHelpArgument" "<Anonymous>" 
352 :"options" "match" "%in%" "getOption" "file" "readLines" "paste" "<Anonymous>" "withCallingHandlers" "suppressWarnings" ".rs.getHelp" ".rs.getHelpFromObject" ".rs.getHelpArgument" "<Anonymous>" 
656 :"options" "match" "%in%" "getOption" "file" "readLines" "paste" "<Anonymous>" "withCallingHandlers" "suppressWarnings" ".rs.getHelp" ".rs.getHelpFromObject" ".rs.getHelpArgument" "<Anonymous>" 
656 :"options" "match" "%in%" "getOption" "file" "readLines" "paste" "<Anonymous>" "withCallingHandlers" "suppressWarnings" ".rs.getHelp" ".rs.getHelpFromObject" ".rs.getHelpArgument" "<Anonymous>" 
656 :"match" "%in%" "getOption" "file" "readLines" "paste" "<Anonymous>" "withCallingHandlers" "suppressWarnings" ".rs.getHelp" ".rs.getHelpFromObject" ".rs.getHelpArgument" "<Anonymous>" 
8040 :"readLines" "paste" "<Anonymous>" "withCallingHandlers" "suppressWarnings" ".rs.getHelp" ".rs.getHelpFromObject" ".rs.getHelpArgument" "<Anonymous>" 
816 :"readLines" "paste" "<Anonymous>" "withCallingHandlers" "suppressWarnings" ".rs.getHelp" ".rs.getHelpFromObject" ".rs.getHelpArgument" "<Anonymous>" 
816 :"paste" "<Anonymous>" "withCallingHandlers" "suppressWarnings" ".rs.getHelp" ".rs.getHelpFromObject" ".rs.getHelpArgument" "<Anonymous>" 
256 :272 :"new.env" "srcfilecopy" "parse" "withCallingHandlers" "suppressWarnings" "doTryCatch" "tryCatchOne" "tryCatchList" "tryCatch" ".rs.getAnywhere" ".rs.getHelpArgument" "<Anonymous>" 
192 :"<Anonymous>" "data" "withCallingHandlers" "suppressWarnings" "doTryCatch" "tryCatchOne" "tryCatchList" "tryCatch" ".rs.getHelpFromObject" ".rs.getHelpArgument" "<Anonymous>" 
3976 :"objects" ".rs.getHelpFromObject" ".rs.getHelpArgument" "<Anonymous>" 
3976 :"mget" "doTryCatch" "tryCatchOne" "tryCatchList" "tryCatch" ".rs.getHelpFromObject" ".rs.getHelpArgument" "<Anonymous>" 
2008 :".rs.getHelpFromObject" ".rs.getHelpArgument" "<Anonymous>" 
1064 :"readRDS" "index.search" "<Anonymous>" "eval" "eval" "doTryCatch" "tryCatchOne" "tryCatchList" "tryCatch" ".rs.getHelp" ".rs.getHelpFromObject" ".rs.getHelpArgument" "<Anonymous>" 
2448 :"readRDS" "index.search" "<Anonymous>" "eval" "eval" "doTryCatch" "tryCatchOne" "tryCatchList" "tryCatch" ".rs.getHelp" ".rs.getHelpFromObject" ".rs.getHelpArgument" "<Anonymous>" 
2448 :"readRDS" "index.search" "<Anonymous>" "eval" "eval" "doTryCatch" "tryCatchOne" "tryCatchList" "tryCatch" ".rs.getHelp" ".rs.getHelpFromObject" ".rs.getHelpArgument" "<Anonymous>" 
1064 :"readRDS" "<Anonymous>" "withCallingHandlers" "suppressWarnings" ".rs.getHelp" ".rs.getHelpFromObject" ".rs.getHelpArgument" "<Anonymous>" 
1104 :"readRDS" "<Anonymous>" "withCallingHandlers" "suppressWarnings" ".rs.getHelp" ".rs.getHelpFromObject" ".rs.getHelpArgument" "<Anonymous>" 
1104 :"readRDS" "<Anonymous>" "withCallingHandlers" "suppressWarnings" ".rs.getHelp" ".rs.getHelpFromObject" ".rs.getHelpArgument" "<Anonymous>" 
1104 :"readRDS" "<Anonymous>" "withCallingHandlers" "suppressWarnings" ".rs.getHelp" ".rs.getHelpFromObject" ".rs.getHelpArgument" "<Anonymous>" 
1104 :"readRDS" "<Anonymous>" "withCallingHandlers" "suppressWarnings" ".rs.getHelp" ".rs.getHelpFromObject" ".rs.getHelpArgument" "<Anonymous>" 
1104 :"readRDS" "<Anonymous>" "withCallingHandlers" "suppressWarnings" ".rs.getHelp" ".rs.getHelpFromObject" ".rs.getHelpArgument" "<Anonymous>" 
1104 :"readRDS" "<Anonymous>" "withCallingHandlers" "suppressWarnings" ".rs.getHelp" ".rs.getHelpFromObject" ".rs.getHelpArgument" "<Anonymous>" 
1104 :"readRDS" "<Anonymous>" "withCallingHandlers" "suppressWarnings" ".rs.getHelp" ".rs.getHelpFromObject" ".rs.getHelpArgument" "<Anonymous>" 
1104 :"readRDS" "<Anonymous>" "withCallingHandlers" "suppressWarnings" ".rs.getHelp" ".rs.getHelpFromObject" ".rs.getHelpArgument" "<Anonymous>" 
1104 :"sub" "<Anonymous>" "withCallingHandlers" "suppressWarnings" ".rs.getHelp" ".rs.getHelpFromObject" ".rs.getHelpArgument" "<Anonymous>" 
1104 :"match" "%in%" "<Anonymous>" "withCallingHandlers" "suppressWarnings" ".rs.getHelp" ".rs.getHelpFromObject" ".rs.getHelpArgument" "<Anonymous>" 
200 :"read.dcf" "doTryCatch" "tryCatchOne" "tryCatchList" "tryCatch" ".read_description" "Rd2HTML" "<Anonymous>" "withCallingHandlers" "suppressWarnings" ".rs.getHelp" ".rs.getHelpFromObject" ".rs.getHelpArgument" "<Anonymous>" 
360 :"read.dcf" "doTryCatch" "tryCatchOne" "tryCatchList" "tryCatch" ".read_description" "Rd2HTML" "<Anonymous>" "withCallingHandlers" "suppressWarnings" ".rs.getHelp" ".rs.getHelpFromObject" ".rs.getHelpArgument" "<Anonymous>" 
520 :"read.dcf" "doTryCatch" "tryCatchOne" "tryCatchList" "tryCatch" ".read_description" "Rd2HTML" "<Anonymous>" "withCallingHandlers" "suppressWarnings" ".rs.getHelp" ".rs.getHelpFromObject" ".rs.getHelpArgument" "<Anonymous>" 
680 :"read.dcf" "doTryCatch" "tryCatchOne" "tryCatchList" "tryCatch" ".read_description" "Rd2HTML" "<Anonymous>" "withCallingHandlers" "suppressWarnings" ".rs.getHelp" ".rs.getHelpFromObject" ".rs.getHelpArgument" "<Anonymous>" 
840 :"read.dcf" "doTryCatch" "tryCatchOne" "tryCatchList" "tryCatch" ".read_description" "Rd2HTML" "<Anonymous>" "withCallingHandlers" "suppressWarnings" ".rs.getHelp" ".rs.getHelpFromObject" ".rs.getHelpArgument" "<Anonymous>" 
1000 :"read.dcf" "doTryCatch" "tryCatchOne" "tryCatchList" "tryCatch" ".read_description" "Rd2HTML" "<Anonymous>" "withCallingHandlers" "suppressWarnings" ".rs.getHelp" ".rs.getHelpFromObject" ".rs.getHelpArgument" "<Anonymous>" 
1160 :"read.dcf" "doTryCatch" "tryCatchOne" "tryCatchList" "tryCatch" ".read_description" "Rd2HTML" "<Anonymous>" "withCallingHandlers" "suppressWarnings" ".rs.getHelp" ".rs.getHelpFromObject" ".rs.getHelpArgument" "<Anonymous>" 
1320 :"read.dcf" "doTryCatch" "tryCatchOne" "tryCatchList" "tryCatch" ".read_description" "Rd2HTML" "<Anonymous>" "withCallingHandlers" "suppressWarnings" ".rs.getHelp" ".rs.getHelpFromObject" ".rs.getHelpArgument" "<Anonymous>" 
1480 :"read.dcf" "doTryCatch" "tryCatchOne" "tryCatchList" "tryCatch" ".read_description" "Rd2HTML" "<Anonymous>" "withCallingHandlers" "suppressWarnings" ".rs.getHelp" ".rs.getHelpFromObject" ".rs.getHelpArgument" "<Anonymous>" 
1640 :"read.dcf" "doTryCatch" "tryCatchOne" "tryCatchList" "tryCatch" ".read_description" "Rd2HTML" "<Anonymous>" "withCallingHandlers" "suppressWarnings" ".rs.getHelp" ".rs.getHelpFromObject" ".rs.getHelpArgument" "<Anonymous>" 
1800 :"read.dcf" "doTryCatch" "tryCatchOne" "tryCatchList" "tryCatch" ".read_description" "Rd2HTML" "<Anonymous>" "withCallingHandlers" "suppressWarnings" ".rs.getHelp" ".rs.getHelpFromObject" ".rs.getHelpArgument" "<Anonymous>" 
656 :"options" "match" "%in%" "getOption" "file" "Rd2HTML" "<Anonymous>" "withCallingHandlers" "suppressWarnings" ".rs.getHelp" ".rs.getHelpFromObject" ".rs.getHelpArgument" "<Anonymous>" 
656 :"options" "match" "%in%" "getOption" "file" "Rd2HTML" "<Anonymous>" "withCallingHandlers" "suppressWarnings" ".rs.getHelp" ".rs.getHelpFromObject" ".rs.getHelpArgument" "<Anonymous>" 
352 :"options" "match" "%in%" "getOption" "file" "Rd2HTML" "<Anonymous>" "withCallingHandlers" "suppressWarnings" ".rs.getHelp" ".rs.getHelpFromObject" ".rs.getHelpArgument" "<Anonymous>" 
656 :"options" "match" "%in%" "getOption" "file" "Rd2HTML" "<Anonymous>" "withCallingHandlers" "suppressWarnings" ".rs.getHelp" ".rs.getHelpFromObject" ".rs.getHelpArgument" "<Anonymous>" 
656 :"options" "match" "%in%" "getOption" "file" "Rd2HTML" "<Anonymous>" "withCallingHandlers" "suppressWarnings" ".rs.getHelp" ".rs.getHelpFromObject" ".rs.getHelpArgument" "<Anonymous>" 
656 :"match" "%in%" "getOption" "file" "Rd2HTML" "<Anonymous>" "withCallingHandlers" "suppressWarnings" ".rs.getHelp" ".rs.getHelpFromObject" ".rs.getHelpArgument" "<Anonymous>" 
272 :"mkenv" "lazyLoadDBexec" "<Anonymous>" "<Anonymous>" "prepare_Rd" "Rd2HTML" "<Anonymous>" "withCallingHandlers" "suppressWarnings" ".rs.getHelp" ".rs.getHelpFromObject" ".rs.getHelpArgument" "<Anonymous>" 
1064 :"readRDS" "lazyLoadDBexec" "<Anonymous>" "<Anonymous>" "prepare_Rd" "Rd2HTML" "<Anonymous>" "withCallingHandlers" "suppressWarnings" ".rs.getHelp" ".rs.getHelpFromObject" ".rs.getHelpArgument" "<Anonymous>" 
1104 :"readRDS" "lazyLoadDBexec" "<Anonymous>" "<Anonymous>" "prepare_Rd" "Rd2HTML" "<Anonymous>" "withCallingHandlers" "suppressWarnings" ".rs.getHelp" ".rs.getHelpFromObject" ".rs.getHelpArgument" "<Anonymous>" 
1104 :"readRDS" "lazyLoadDBexec" "<Anonymous>" "<Anonymous>" "prepare_Rd" "Rd2HTML" "<Anonymous>" "withCallingHandlers" "suppressWarnings" ".rs.getHelp" ".rs.getHelpFromObject" ".rs.getHelpArgument" "<Anonymous>" 
1104 :"readRDS" "lazyLoadDBexec" "<Anonymous>" "<Anonymous>" "prepare_Rd" "Rd2HTML" "<Anonymous>" "withCallingHandlers" "suppressWarnings" ".rs.getHelp" ".rs.getHelpFromObject" ".rs.getHelpArgument" "<Anonymous>" 
1104 :"readRDS" "lazyLoadDBexec" "<Anonymous>" "<Anonymous>" "prepare_Rd" "Rd2HTML" "<Anonymous>" "withCallingHandlers" "suppressWarnings" ".rs.getHelp" ".rs.getHelpFromObject" ".rs.getHelpArgument" "<Anonymous>" 
312 :"list2env" "lazyLoadDBexec" "<Anonymous>" "<Anonymous>" "prepare_Rd" "Rd2HTML" "<Anonymous>" "withCallingHandlers" "suppressWarnings" ".rs.getHelp" ".rs.getHelpFromObject" ".rs.getHelpArgument" "<Anonymous>" 
360 :"list2env" "lazyLoadDBexec" "<Anonymous>" "<Anonymous>" "prepare_Rd" "Rd2HTML" "<Anonymous>" "withCallingHandlers" "suppressWarnings" ".rs.getHelp" ".rs.getHelpFromObject" ".rs.getHelpArgument" "<Anonymous>" 
424 :"list2env" "lazyLoadDBexec" "<Anonymous>" "<Anonymous>" "prepare_Rd" "Rd2HTML" "<Anonymous>" "withCallingHandlers" "suppressWarnings" ".rs.getHelp" ".rs.getHelpFromObject" ".rs.getHelpArgument" "<Anonymous>" 
496 :"list2env" "lazyLoadDBexec" "<Anonymous>" "<Anonymous>" "prepare_Rd" "Rd2HTML" "<Anonymous>" "withCallingHandlers" "suppressWarnings" ".rs.getHelp" ".rs.getHelpFromObject" ".rs.getHelpArgument" "<Anonymous>" 
584 :"list2env" "lazyLoadDBexec" "<Anonymous>" "<Anonymous>" "prepare_Rd" "Rd2HTML" "<Anonymous>" "withCallingHandlers" "suppressWarnings" ".rs.getHelp" ".rs.getHelpFromObject" ".rs.getHelpArgument" "<Anonymous>" 
688 :"list2env" "lazyLoadDBexec" "<Anonymous>" "<Anonymous>" "prepare_Rd" "Rd2HTML" "<Anonymous>" "withCallingHandlers" "suppressWarnings" ".rs.getHelp" ".rs.getHelpFromObject" ".rs.getHelpArgument" "<Anonymous>" 
816 :"list2env" "lazyLoadDBexec" "<Anonymous>" "<Anonymous>" "prepare_Rd" "Rd2HTML" "<Anonymous>" "withCallingHandlers" "suppressWarnings" ".rs.getHelp" ".rs.getHelpFromObject" ".rs.getHelpArgument" "<Anonymous>" 
968 :"list2env" "lazyLoadDBexec" "<Anonymous>" "<Anonymous>" "prepare_Rd" "Rd2HTML" "<Anonymous>" "withCallingHandlers" "suppressWarnings" ".rs.getHelp" ".rs.getHelpFromObject" ".rs.getHelpArgument" "<Anonymous>" 
272 :"mkenv" "lazyLoadDBexec" "<Anonymous>" "<Anonymous>" "prepare_Rd" "Rd2HTML" "<Anonymous>" "withCallingHandlers" "suppressWarnings" ".rs.getHelp" ".rs.getHelpFromObject" ".rs.getHelpArgument" "<Anonymous>" 
1104 :"match" "%in%" "fun" "lazyLoadDBexec" "<Anonymous>" "<Anonymous>" "prepare_Rd" "Rd2HTML" "<Anonymous>" "withCallingHandlers" "suppressWarnings" ".rs.getHelp" ".rs.getHelpFromObject" ".rs.getHelpArgument" "<Anonymous>" 
2432 :"fetch" "fun" "lazyLoadDBexec" "<Anonymous>" "<Anonymous>" "prepare_Rd" "Rd2HTML" "<Anonymous>" "withCallingHandlers" "suppressWarnings" ".rs.getHelp" ".rs.getHelpFromObject" ".rs.getHelpArgument" "<Anonymous>" 
16936 :"fetch" "fun" "lazyLoadDBexec" "<Anonymous>" "<Anonymous>" "prepare_Rd" "Rd2HTML" "<Anonymous>" "withCallingHandlers" "suppressWarnings" ".rs.getHelp" ".rs.getHelpFromObject" ".rs.getHelpArgument" "<Anonymous>" 
16936 :"fetch" "fun" "lazyLoadDBexec" "<Anonymous>" "<Anonymous>" "prepare_Rd" "Rd2HTML" "<Anonymous>" "withCallingHandlers" "suppressWarnings" ".rs.getHelp" ".rs.getHelpFromObject" ".rs.getHelpArgument" "<Anonymous>" 
1064 :"fetch" "fun" "lazyLoadDBexec" "<Anonymous>" "<Anonymous>" "prepare_Rd" "Rd2HTML" "<Anonymous>" "withCallingHandlers" "suppressWarnings" ".rs.getHelp" ".rs.getHelpFromObject" ".rs.getHelpArgument" "<Anonymous>" 
272 :"mkenv" "<Anonymous>" "fetch" "fun" "lazyLoadDBexec" "<Anonymous>" "<Anonymous>" "prepare_Rd" "Rd2HTML" "<Anonymous>" "withCallingHandlers" "suppressWarnings" ".rs.getHelp" ".rs.getHelpFromObject" ".rs.getHelpArgument" "<Anonymous>" 
344 :"<Anonymous>" "fetch" "fun" "lazyLoadDBexec" "<Anonymous>" "<Anonymous>" "prepare_Rd" "Rd2HTML" "<Anonymous>" "withCallingHandlers" "suppressWarnings" ".rs.getHelp" ".rs.getHelpFromObject" ".rs.getHelpArgument" "<Anonymous>" 
648 :"<Anonymous>" "fetch" "fun" "lazyLoadDBexec" "<Anonymous>" "<Anonymous>" "prepare_Rd" "Rd2HTML" "<Anonymous>" "withCallingHandlers" "suppressWarnings" ".rs.getHelp" ".rs.getHelpFromObject" ".rs.getHelpArgument" "<Anonymous>" 
648 :"<Anonymous>" "fetch" "fun" "lazyLoadDBexec" "<Anonymous>" "<Anonymous>" "prepare_Rd" "Rd2HTML" "<Anonymous>" "withCallingHandlers" "suppressWarnings" ".rs.getHelp" ".rs.getHelpFromObject" ".rs.getHelpArgument" "<Anonymous>" 
1064 :"<Anonymous>" "fetch" "fun" "lazyLoadDBexec" "<Anonymous>" "<Anonymous>" "prepare_Rd" "Rd2HTML" "<Anonymous>" "withCallingHandlers" "suppressWarnings" ".rs.getHelp" ".rs.getHelpFromObject" ".rs.getHelpArgument" "<Anonymous>" 
280 :"unlist" "as.vector" "simplify2array" "sapply" "apply" "setDynamicFlags" "prepare_Rd" "Rd2HTML" "<Anonymous>" "withCallingHandlers" "suppressWarnings" ".rs.getHelp" ".rs.getHelpFromObject" ".rs.getHelpArgument" "<Anonymous>" 
520 :"unlist" "as.vector" "simplify2array" "sapply" "apply" "setDynamicFlags" "prepare_Rd" "Rd2HTML" "<Anonymous>" "withCallingHandlers" "suppressWarnings" ".rs.getHelp" ".rs.getHelpFromObject" ".rs.getHelpArgument" "<Anonymous>" 
280 :"as.vector" "simplify2array" "sapply" "apply" "setDynamicFlags" "prepare_Rd" "Rd2HTML" "<Anonymous>" "withCallingHandlers" "suppressWarnings" ".rs.getHelp" ".rs.getHelpFromObject" ".rs.getHelpArgument" "<Anonymous>" 
520 :"as.vector" "simplify2array" "sapply" "apply" "setDynamicFlags" "prepare_Rd" "Rd2HTML" "<Anonymous>" "withCallingHandlers" "suppressWarnings" ".rs.getHelp" ".rs.getHelpFromObject" ".rs.getHelpArgument" "<Anonymous>" 
280 :"array" "simplify2array" "sapply" "apply" "setDynamicFlags" "prepare_Rd" "Rd2HTML" "<Anonymous>" "withCallingHandlers" "suppressWarnings" ".rs.getHelp" ".rs.getHelpFromObject" ".rs.getHelpArgument" "<Anonymous>" 
280 :"aperm.default" "aperm" "apply" "setDynamicFlags" "prepare_Rd" "Rd2HTML" "<Anonymous>" "withCallingHandlers" "suppressWarnings" ".rs.getHelp" ".rs.getHelpFromObject" ".rs.getHelpArgument" "<Anonymous>" 
192 :"match" "%in%" "Rd2txt" "tryCatchList" "tryCatch" ".Rd_get_text" ".Rd_get_title" "gsub" ".Rd_format_title" "strwrap" "Rd2HTML" "<Anonymous>" "withCallingHandlers" "suppressWarnings" ".rs.getHelp" ".rs.getHelpFromObject" ".rs.getHelpArgument" "<Anonymous>" 
656 :"options" "match" "%in%" "getOption" "file" "readLines" "paste" "<Anonymous>" "withCallingHandlers" "suppressWarnings" ".rs.getHelp" ".rs.getHelpFromObject" ".rs.getHelpArgument" "<Anonymous>" 
656 :"options" "match" "%in%" "getOption" "file" "readLines" "paste" "<Anonymous>" "withCallingHandlers" "suppressWarnings" ".rs.getHelp" ".rs.getHelpFromObject" ".rs.getHelpArgument" "<Anonymous>" 
352 :"options" "match" "%in%" "getOption" "file" "readLines" "paste" "<Anonymous>" "withCallingHandlers" "suppressWarnings" ".rs.getHelp" ".rs.getHelpFromObject" ".rs.getHelpArgument" "<Anonymous>" 
656 :"options" "match" "%in%" "getOption" "file" "readLines" "paste" "<Anonymous>" "withCallingHandlers" "suppressWarnings" ".rs.getHelp" ".rs.getHelpFromObject" ".rs.getHelpArgument" "<Anonymous>" 
656 :"options" "match" "%in%" "getOption" "file" "readLines" "paste" "<Anonymous>" "withCallingHandlers" "suppressWarnings" ".rs.getHelp" ".rs.getHelpFromObject" ".rs.getHelpArgument" "<Anonymous>" 
656 :"match" "%in%" "getOption" "file" "readLines" "paste" "<Anonymous>" "withCallingHandlers" "suppressWarnings" ".rs.getHelp" ".rs.getHelpFromObject" ".rs.getHelpArgument" "<Anonymous>" 
8040 :"readLines" "paste" "<Anonymous>" "withCallingHandlers" "suppressWarnings" ".rs.getHelp" ".rs.getHelpFromObject" ".rs.getHelpArgument" "<Anonymous>" 
816 :"readLines" "paste" "<Anonymous>" "withCallingHandlers" "suppressWarnings" ".rs.getHelp" ".rs.getHelpFromObject" ".rs.getHelpArgument" "<Anonymous>" 
816 :"paste" "<Anonymous>" "withCallingHandlers" "suppressWarnings" ".rs.getHelp" ".rs.getHelpFromObject" ".rs.getHelpArgument" "<Anonymous>" 
256 :